{
  "uid" : "c74a76009ae544ec",
  "name" : "test_add_shopping_trolley",
  "fullName" : "test_shopping_trolley.TestShoppingTrolley#test_add_shopping_trolley",
  "historyId" : "da32c619cc82598876828c914bfe96a8",
  "time" : {
    "start" : 1602839455139,
    "stop" : 1602839455143,
    "duration" : 4
  },
  "status" : "failed",
  "statusMessage" : "AssertionError: assert 'success' == 'failed'\n  - failed\n  + success",
  "statusTrace" : "self = <test_shopping_trolley.TestShoppingTrolley object at 0x7fdf786572e0>\n\n    @allure.story('加入购物车')  # 用story说明用户场景，可以理解为JIRA中的Story\n    def test_add_shopping_trolley(self):\n        login('刘春明', '密码')  # 步骤1，调用“step函数”\n        with allure.step(\"浏览商品\"):  # 步骤2，step的参数将会打印到测试报告中\n            allure.attach('笔记本', '商品1')  # attach可以打印一些附加信息\n            allure.attach('手机', '商品2')\n        with allure.step(\"点击商品\"):  # 步骤3\n            pass\n        with allure.step(\"校验结果\"):  # 步骤4\n            allure.attach('添加购物车成功', '期望结果')\n            allure.attach('添加购物车失败', '实际结果')\n>           assert 'success' == 'failed'\nE           AssertionError: assert 'success' == 'failed'\nE             - failed\nE             + success\n\ntest_shopping_trolley.py:21: AssertionError",
  "flaky" : false,
  "newFailed" : false,
  "beforeStages" : [ ],
  "testStage" : {
    "status" : "failed",
    "statusMessage" : "AssertionError: assert 'success' == 'failed'\n  - failed\n  + success",
    "statusTrace" : "self = <test_shopping_trolley.TestShoppingTrolley object at 0x7fdf786572e0>\n\n    @allure.story('加入购物车')  # 用story说明用户场景，可以理解为JIRA中的Story\n    def test_add_shopping_trolley(self):\n        login('刘春明', '密码')  # 步骤1，调用“step函数”\n        with allure.step(\"浏览商品\"):  # 步骤2，step的参数将会打印到测试报告中\n            allure.attach('笔记本', '商品1')  # attach可以打印一些附加信息\n            allure.attach('手机', '商品2')\n        with allure.step(\"点击商品\"):  # 步骤3\n            pass\n        with allure.step(\"校验结果\"):  # 步骤4\n            allure.attach('添加购物车成功', '期望结果')\n            allure.attach('添加购物车失败', '实际结果')\n>           assert 'success' == 'failed'\nE           AssertionError: assert 'success' == 'failed'\nE             - failed\nE             + success\n\ntest_shopping_trolley.py:21: AssertionError",
    "steps" : [ {
      "name" : "用户登录",
      "time" : {
        "start" : 1602839455139,
        "stop" : 1602839455139,
        "duration" : 0
      },
      "status" : "passed",
      "steps" : [ ],
      "attachments" : [ ],
      "parameters" : [ {
        "name" : "user",
        "value" : "'刘春明'"
      }, {
        "name" : "pwd",
        "value" : "'密码'"
      } ],
      "stepsCount" : 0,
      "attachmentsCount" : 0,
      "shouldDisplayMessage" : false,
      "hasContent" : true
    }, {
      "name" : "浏览商品",
      "time" : {
        "start" : 1602839455139,
        "stop" : 1602839455140,
        "duration" : 1
      },
      "status" : "passed",
      "steps" : [ ],
      "attachments" : [ {
        "uid" : "6a769d65a32c09aa",
        "name" : "商品1",
        "source" : "6a769d65a32c09aa.attach",
        "type" : "text/plain",
        "size" : 9
      }, {
        "uid" : "20c6bdc1fd98b5af",
        "name" : "商品2",
        "source" : "20c6bdc1fd98b5af.attach",
        "type" : "text/plain",
        "size" : 6
      } ],
      "parameters" : [ ],
      "stepsCount" : 0,
      "attachmentsCount" : 2,
      "shouldDisplayMessage" : false,
      "hasContent" : true
    }, {
      "name" : "点击商品",
      "time" : {
        "start" : 1602839455140,
        "stop" : 1602839455140,
        "duration" : 0
      },
      "status" : "passed",
      "steps" : [ ],
      "attachments" : [ ],
      "parameters" : [ ],
      "stepsCount" : 0,
      "attachmentsCount" : 0,
      "shouldDisplayMessage" : false,
      "hasContent" : false
    }, {
      "name" : "校验结果",
      "time" : {
        "start" : 1602839455140,
        "stop" : 1602839455142,
        "duration" : 2
      },
      "status" : "failed",
      "statusMessage" : "AssertionError: assert 'success' == 'failed'\n  - failed\n  + success\n",
      "statusTrace" : "  File \"/Users/yanli/project/test_pytest_allure/test_shopping_trolley.py\", line 21, in test_add_shopping_trolley\n    assert 'success' == 'failed'\n",
      "steps" : [ ],
      "attachments" : [ {
        "uid" : "e33ad00b24b70775",
        "name" : "期望结果",
        "source" : "e33ad00b24b70775.attach",
        "type" : "text/plain",
        "size" : 21
      }, {
        "uid" : "35ac5ff276a843d3",
        "name" : "实际结果",
        "source" : "35ac5ff276a843d3.attach",
        "type" : "text/plain",
        "size" : 21
      } ],
      "parameters" : [ ],
      "stepsCount" : 0,
      "attachmentsCount" : 2,
      "shouldDisplayMessage" : true,
      "hasContent" : true
    } ],
    "attachments" : [ {
      "uid" : "46fff011364d8d0b",
      "name" : "stdout",
      "source" : "46fff011364d8d0b.txt",
      "type" : "text/plain",
      "size" : 17
    } ],
    "parameters" : [ ],
    "stepsCount" : 4,
    "attachmentsCount" : 5,
    "shouldDisplayMessage" : true,
    "hasContent" : true
  },
  "afterStages" : [ ],
  "labels" : [ {
    "name" : "story",
    "value" : "加入购物车"
  }, {
    "name" : "feature",
    "value" : "购物车功能"
  }, {
    "name" : "suite",
    "value" : "test_shopping_trolley"
  }, {
    "name" : "subSuite",
    "value" : "TestShoppingTrolley"
  }, {
    "name" : "host",
    "value" : "yandeMacBook-Pro.local"
  }, {
    "name" : "thread",
    "value" : "4300-MainThread"
  }, {
    "name" : "framework",
    "value" : "pytest"
  }, {
    "name" : "language",
    "value" : "cpython3"
  }, {
    "name" : "package",
    "value" : "test_shopping_trolley"
  }, {
    "name" : "resultFormat",
    "value" : "allure2"
  } ],
  "parameters" : [ ],
  "links" : [ ],
  "hidden" : false,
  "retry" : false,
  "extra" : {
    "severity" : "normal",
    "retries" : [ {
      "uid" : "857338cb906269b0",
      "status" : "failed",
      "statusDetails" : "AssertionError: assert 'success' == 'failed'\n  - failed\n  + success",
      "time" : {
        "start" : 1602838983681,
        "stop" : 1602838983686,
        "duration" : 5
      }
    }, {
      "uid" : "cc1a1dd4c75f43e3",
      "status" : "failed",
      "statusDetails" : "AssertionError: assert 'success' == 'failed'\n  - failed\n  + success",
      "time" : {
        "start" : 1602837769911,
        "stop" : 1602837769915,
        "duration" : 4
      }
    } ],
    "categories" : [ {
      "name" : "Product defects",
      "matchedStatuses" : [ ],
      "flaky" : false
    } ],
    "tags" : [ ]
  },
  "source" : "c74a76009ae544ec.json",
  "parameterValues" : [ ]
}